# JRE version: Java(TM) SE Runtime Environment (13.0.2+8) (build 13.0.2+8)
# Java VM: Java HotSpot(TM) 64-Bit Server VM (13.0.2+8, mixed mode, sharing, tiered, compressed oops, parallel gc, windows-amd64)
Heap:
 PSYoungGen      total 7680K, used 7115K [0x00000000eab00000, 0x00000000eb400000, 0x0000000100000000)
  eden space 6656K, 97% used [0x00000000eab00000,0x00000000eb152fc8,0x00000000eb180000)
  from space 1024K, 62% used [0x00000000eb280000,0x00000000eb320000,0x00000000eb380000)
  to   space 512K, 0% used [0x00000000eb380000,0x00000000eb380000,0x00000000eb400000)
 ParOldGen       total 284672K, used 237345K [0x00000000c0000000, 0x00000000d1600000, 0x00000000eab00000)
  object space 284672K, 83% used [0x00000000c0000000,0x00000000ce7c8488,0x00000000d1600000)
 Metaspace       used 72617K, capacity 75708K, committed 75864K, reserved 1118208K
  class space    used 6874K, capacity 8004K, committed 8064K, reserved 1048576K
GC Heap History (20 events):
Event: 3198.092 GC heap before
{Heap before GC invocations=3741 (full 49):
 PSYoungGen      total 7680K, used 7392K [0x00000000eab00000, 0x00000000eb480000, 0x0000000100000000)
  eden space 7168K, 100% used [0x00000000eab00000,0x00000000eb200000,0x00000000eb200000)
  from space 512K, 43% used [0x00000000eb200000,0x00000000eb238000,0x00000000eb280000)
  to   space 1024K, 0% used [0x00000000eb380000,0x00000000eb380000,0x00000000eb480000)
 ParOldGen       total 284672K, used 235485K [0x00000000c0000000, 0x00000000d1600000, 0x00000000eab00000)
  object space 284672K, 82% used [0x00000000c0000000,0x00000000ce5f74e0,0x00000000d1600000)
 Metaspace       used 72614K, capacity 75708K, committed 75864K, reserved 1118208K
  class space    used 6874K, capacity 8004K, committed 8064K, reserved 1048576K
}
Event: 3198.095 GC heap after
{Heap after GC invocations=3741 (full 49):
 PSYoungGen      total 7680K, used 96K [0x00000000eab00000, 0x00000000eb400000, 0x0000000100000000)
  eden space 7168K, 0% used [0x00000000eab00000,0x00000000eab00000,0x00000000eb200000)
  from space 512K, 18% used [0x00000000eb380000,0x00000000eb398000,0x00000000eb400000)
  to   space 512K, 0% used [0x00000000eb200000,0x00000000eb200000,0x00000000eb280000)
 ParOldGen       total 284672K, used 235485K [0x00000000c0000000, 0x00000000d1600000, 0x00000000eab00000)
  object space 284672K, 82% used [0x00000000c0000000,0x00000000ce5f74e0,0x00000000d1600000)
 Metaspace       used 72614K, capacity 75708K, committed 75864K, reserved 1118208K
  class space    used 6874K, capacity 8004K, committed 8064K, reserved 1048576K
}
Event: 3205.710 GC heap before
{Heap before GC invocations=3742 (full 49):
 PSYoungGen      total 7680K, used 7262K [0x00000000eab00000, 0x00000000eb400000, 0x0000000100000000)
  eden space 7168K, 99% used [0x00000000eab00000,0x00000000eb1ff8b8,0x00000000eb200000)
  from space 512K, 18% used [0x00000000eb380000,0x00000000eb398000,0x00000000eb400000)
  to   space 512K, 0% used [0x00000000eb200000,0x00000000eb200000,0x00000000eb280000)
 ParOldGen       total 284672K, used 235485K [0x00000000c0000000, 0x00000000d1600000, 0x00000000eab00000)
  object space 284672K, 82% used [0x00000000c0000000,0x00000000ce5f74e0,0x00000000d1600000)
 Metaspace       used 72614K, capacity 75708K, committed 75864K, reserved 1118208K
  class space    used 6874K, capacity 8004K, committed 8064K, reserved 1048576K
}
Event: 3205.713 GC heap after
{Heap after GC invocations=3742 (full 49):
 PSYoungGen      total 7680K, used 96K [0x00000000eab00000, 0x00000000eb400000, 0x0000000100000000)
  eden space 7168K, 0% used [0x00000000eab00000,0x00000000eab00000,0x00000000eb200000)
  from space 512K, 18% used [0x00000000eb200000,0x00000000eb218000,0x00000000eb280000)
  to   space 512K, 0% used [0x00000000eb380000,0x00000000eb380000,0x00000000eb400000)
 ParOldGen       total 284672K, used 235485K [0x00000000c0000000, 0x00000000d1600000, 0x00000000eab00000)
  object space 284672K, 82% used [0x00000000c0000000,0x00000000ce5f74e0,0x00000000d1600000)
 Metaspace       used 72614K, capacity 75708K, committed 75864K, reserved 1118208K
  class space    used 6874K, capacity 8004K, committed 8064K, reserved 1048576K
}
Event: 3206.181 GC heap before
{Heap before GC invocations=3743 (full 49):
 PSYoungGen      total 7680K, used 7264K [0x00000000eab00000, 0x00000000eb400000, 0x0000000100000000)
  eden space 7168K, 100% used [0x00000000eab00000,0x00000000eb200000,0x00000000eb200000)
  from space 512K, 18% used [0x00000000eb200000,0x00000000eb218000,0x00000000eb280000)
  to   space 512K, 0% used [0x00000000eb380000,0x00000000eb380000,0x00000000eb400000)
 ParOldGen       total 284672K, used 235485K [0x00000000c0000000, 0x00000000d1600000, 0x00000000eab00000)
  object space 284672K, 82% used [0x00000000c0000000,0x00000000ce5f74e0,0x00000000d1600000)
 Metaspace       used 72615K, capacity 75708K, committed 75864K, reserved 1118208K
  class space    used 6874K, capacity 8004K, committed 8064K, reserved 1048576K
}
Event: 3206.187 GC heap after
{Heap after GC invocations=3743 (full 49):
 PSYoungGen      total 7680K, used 512K [0x00000000eab00000, 0x00000000eb400000, 0x0000000100000000)
  eden space 7168K, 0% used [0x00000000eab00000,0x00000000eab00000,0x00000000eb200000)
  from space 512K, 100% used [0x00000000eb380000,0x00000000eb400000,0x00000000eb400000)
  to   space 1024K, 0% used [0x00000000eb200000,0x00000000eb200000,0x00000000eb300000)
 ParOldGen       total 284672K, used 235818K [0x00000000c0000000, 0x00000000d1600000, 0x00000000eab00000)
  object space 284672K, 82% used [0x00000000c0000000,0x00000000ce64a9c0,0x00000000d1600000)
 Metaspace       used 72615K, capacity 75708K, committed 75864K, reserved 1118208K
  class space    used 6874K, capacity 8004K, committed 8064K, reserved 1048576K
}
Event: 3206.518 GC heap before
{Heap before GC invocations=3744 (full 49):
 PSYoungGen      total 7680K, used 7680K [0x00000000eab00000, 0x00000000eb400000, 0x0000000100000000)
  eden space 7168K, 100% used [0x00000000eab00000,0x00000000eb200000,0x00000000eb200000)
  from space 512K, 100% used [0x00000000eb380000,0x00000000eb400000,0x00000000eb400000)
  to   space 1024K, 0% used [0x00000000eb200000,0x00000000eb200000,0x00000000eb300000)
 ParOldGen       total 284672K, used 235818K [0x00000000c0000000, 0x00000000d1600000, 0x00000000eab00000)
  object space 284672K, 82% used [0x00000000c0000000,0x00000000ce64a9c0,0x00000000d1600000)
 Metaspace       used 72615K, capacity 75708K, committed 75864K, reserved 1118208K
  class space    used 6874K, capacity 8004K, committed 8064K, reserved 1048576K
}
Event: 3206.524 GC heap after
{Heap after GC invocations=3744 (full 49):
 PSYoungGen      total 8192K, used 704K [0x00000000eab00000, 0x00000000eb400000, 0x0000000100000000)
  eden space 7168K, 0% used [0x00000000eab00000,0x00000000eab00000,0x00000000eb200000)
  from space 1024K, 68% used [0x00000000eb200000,0x00000000eb2b0000,0x00000000eb300000)
  to   space 1024K, 0% used [0x00000000eb300000,0x00000000eb300000,0x00000000eb400000)
 ParOldGen       total 284672K, used 235826K [0x00000000c0000000, 0x00000000d1600000, 0x00000000eab00000)
  object space 284672K, 82% used [0x00000000c0000000,0x00000000ce64c9c0,0x00000000d1600000)
 Metaspace       used 72615K, capacity 75708K, committed 75864K, reserved 1118208K
  class space    used 6874K, capacity 8004K, committed 8064K, reserved 1048576K
}
Event: 3207.013 GC heap before
{Heap before GC invocations=3745 (full 49):
 PSYoungGen      total 8192K, used 7872K [0x00000000eab00000, 0x00000000eb400000, 0x0000000100000000)
  eden space 7168K, 100% used [0x00000000eab00000,0x00000000eb200000,0x00000000eb200000)
  from space 1024K, 68% used [0x00000000eb200000,0x00000000eb2b0000,0x00000000eb300000)
  to   space 1024K, 0% used [0x00000000eb300000,0x00000000eb300000,0x00000000eb400000)
 ParOldGen       total 284672K, used 235826K [0x00000000c0000000, 0x00000000d1600000, 0x00000000eab00000)
  object space 284672K, 82% used [0x00000000c0000000,0x00000000ce64c9c0,0x00000000d1600000)
 Metaspace       used 72617K, capacity 75708K, committed 75864K, reserved 1118208K
  class space    used 6874K, capacity 8004K, committed 8064K, reserved 1048576K
}
Event: 3207.033 GC heap after
{Heap after GC invocations=3745 (full 49):
 PSYoungGen      total 7680K, used 1024K [0x00000000eab00000, 0x00000000eb500000, 0x0000000100000000)
  eden space 6656K, 0% used [0x00000000eab00000,0x00000000eab00000,0x00000000eb180000)
  from space 1024K, 100% used [0x00000000eb300000,0x00000000eb400000,0x00000000eb400000)
  to   space 1536K, 0% used [0x00000000eb180000,0x00000000eb180000,0x00000000eb300000)
 ParOldGen       total 284672K, used 235894K [0x00000000c0000000, 0x00000000d1600000, 0x00000000eab00000)
  object space 284672K, 82% used [0x00000000c0000000,0x00000000ce65db50,0x00000000d1600000)
 Metaspace       used 72617K, capacity 75708K, committed 75864K, reserved 1118208K
  class space    used 6874K, capacity 8004K, committed 8064K, reserved 1048576K
}
Event: 3207.661 GC heap before
{Heap before GC invocations=3746 (full 49):
 PSYoungGen      total 7680K, used 7680K [0x00000000eab00000, 0x00000000eb500000, 0x0000000100000000)
  eden space 6656K, 100% used [0x00000000eab00000,0x00000000eb180000,0x00000000eb180000)
  from space 1024K, 100% used [0x00000000eb300000,0x00000000eb400000,0x00000000eb400000)
  to   space 1536K, 0% used [0x00000000eb180000,0x00000000eb180000,0x00000000eb300000)
 ParOldGen       total 284672K, used 235894K [0x00000000c0000000, 0x00000000d1600000, 0x00000000eab00000)
  object space 284672K, 82% used [0x00000000c0000000,0x00000000ce65db50,0x00000000d1600000)
 Metaspace       used 72617K, capacity 75708K, committed 75864K, reserved 1118208K
  class space    used 6874K, capacity 8004K, committed 8064K, reserved 1048576K
}
Event: 3207.670 GC heap after
{Heap after GC invocations=3746 (full 49):
 PSYoungGen      total 8192K, used 1536K [0x00000000eab00000, 0x00000000eb680000, 0x0000000100000000)
  eden space 6656K, 0% used [0x00000000eab00000,0x00000000eab00000,0x00000000eb180000)
  from space 1536K, 100% used [0x00000000eb180000,0x00000000eb300000,0x00000000eb300000)
  to   space 2560K, 0% used [0x00000000eb400000,0x00000000eb400000,0x00000000eb680000)
 ParOldGen       total 284672K, used 236537K [0x00000000c0000000, 0x00000000d1600000, 0x00000000eab00000)
  object space 284672K, 83% used [0x00000000c0000000,0x00000000ce6fe6a8,0x00000000d1600000)
 Metaspace       used 72617K, capacity 75708K, committed 75864K, reserved 1118208K
  class space    used 6874K, capacity 8004K, committed 8064K, reserved 1048576K
}
Event: 3207.957 GC heap before
{Heap before GC invocations=3747 (full 49):
 PSYoungGen      total 8192K, used 8192K [0x00000000eab00000, 0x00000000eb680000, 0x0000000100000000)
  eden space 6656K, 100% used [0x00000000eab00000,0x00000000eb180000,0x00000000eb180000)
  from space 1536K, 100% used [0x00000000eb180000,0x00000000eb300000,0x00000000eb300000)
  to   space 2560K, 0% used [0x00000000eb400000,0x00000000eb400000,0x00000000eb680000)
 ParOldGen       total 284672K, used 236537K [0x00000000c0000000, 0x00000000d1600000, 0x00000000eab00000)
  object space 284672K, 83% used [0x00000000c0000000,0x00000000ce6fe6a8,0x00000000d1600000)
 Metaspace       used 72617K, capacity 75708K, committed 75864K, reserved 1118208K
  class space    used 6874K, capacity 8004K, committed 8064K, reserved 1048576K
}
Event: 3207.976 GC heap after
{Heap after GC invocations=3747 (full 49):
 PSYoungGen      total 7680K, used 672K [0x00000000eab00000, 0x00000000eb500000, 0x0000000100000000)
  eden space 6656K, 0% used [0x00000000eab00000,0x00000000eab00000,0x00000000eb180000)
  from space 1024K, 65% used [0x00000000eb400000,0x00000000eb4a8000,0x00000000eb500000)
  to   space 1536K, 0% used [0x00000000eb200000,0x00000000eb200000,0x00000000eb380000)
 ParOldGen       total 284672K, used 237164K [0x00000000c0000000, 0x00000000d1600000, 0x00000000eab00000)
  object space 284672K, 83% used [0x00000000c0000000,0x00000000ce79b008,0x00000000d1600000)
 Metaspace       used 72617K, capacity 75708K, committed 75864K, reserved 1118208K
  class space    used 6874K, capacity 8004K, committed 8064K, reserved 1048576K
}
Event: 3208.449 GC heap before
{Heap before GC invocations=3748 (full 49):
 PSYoungGen      total 7680K, used 7328K [0x00000000eab00000, 0x00000000eb500000, 0x0000000100000000)
  eden space 6656K, 100% used [0x00000000eab00000,0x00000000eb180000,0x00000000eb180000)
  from space 1024K, 65% used [0x00000000eb400000,0x00000000eb4a8000,0x00000000eb500000)
  to   space 1536K, 0% used [0x00000000eb200000,0x00000000eb200000,0x00000000eb380000)
 ParOldGen       total 284672K, used 237164K [0x00000000c0000000, 0x00000000d1600000, 0x00000000eab00000)
  object space 284672K, 83% used [0x00000000c0000000,0x00000000ce79b008,0x00000000d1600000)
 Metaspace       used 72617K, capacity 75708K, committed 75864K, reserved 1118208K
  class space    used 6874K, capacity 8004K, committed 8064K, reserved 1048576K
}
Event: 3208.455 GC heap after
{Heap after GC invocations=3748 (full 49):
 PSYoungGen      total 8192K, used 832K [0x00000000eab00000, 0x00000000eb480000, 0x0000000100000000)
  eden space 6656K, 0% used [0x00000000eab00000,0x00000000eab00000,0x00000000eb180000)
  from space 1536K, 54% used [0x00000000eb200000,0x00000000eb2d0000,0x00000000eb380000)
  to   space 1024K, 0% used [0x00000000eb380000,0x00000000eb380000,0x00000000eb480000)
 ParOldGen       total 284672K, used 237345K [0x00000000c0000000, 0x00000000d1600000, 0x00000000eab00000)
  object space 284672K, 83% used [0x00000000c0000000,0x00000000ce7c8488,0x00000000d1600000)
 Metaspace       used 72617K, capacity 75708K, committed 75864K, reserved 1118208K
  class space    used 6874K, capacity 8004K, committed 8064K, reserved 1048576K
}
Event: 3209.223 GC heap before
{Heap before GC invocations=3749 (full 49):
 PSYoungGen      total 8192K, used 7488K [0x00000000eab00000, 0x00000000eb480000, 0x0000000100000000)
  eden space 6656K, 100% used [0x00000000eab00000,0x00000000eb180000,0x00000000eb180000)
  from space 1536K, 54% used [0x00000000eb200000,0x00000000eb2d0000,0x00000000eb380000)
  to   space 1024K, 0% used [0x00000000eb380000,0x00000000eb380000,0x00000000eb480000)
 ParOldGen       total 284672K, used 237345K [0x00000000c0000000, 0x00000000d1600000, 0x00000000eab00000)
  object space 284672K, 83% used [0x00000000c0000000,0x00000000ce7c8488,0x00000000d1600000)
 Metaspace       used 72617K, capacity 75708K, committed 75864K, reserved 1118208K
  class space    used 6874K, capacity 8004K, committed 8064K, reserved 1048576K
}
Event: 3209.230 GC heap after
{Heap after GC invocations=3749 (full 49):
 PSYoungGen      total 7680K, used 768K [0x00000000eab00000, 0x00000000eb480000, 0x0000000100000000)
  eden space 6656K, 0% used [0x00000000eab00000,0x00000000eab00000,0x00000000eb180000)
  from space 1024K, 75% used [0x00000000eb380000,0x00000000eb440000,0x00000000eb480000)
  to   space 1024K, 0% used [0x00000000eb280000,0x00000000eb280000,0x00000000eb380000)
 ParOldGen       total 284672K, used 237345K [0x00000000c0000000, 0x00000000d1600000, 0x00000000eab00000)
  object space 284672K, 83% used [0x00000000c0000000,0x00000000ce7c8488,0x00000000d1600000)
 Metaspace       used 72617K, capacity 75708K, committed 75864K, reserved 1118208K
  class space    used 6874K, capacity 8004K, committed 8064K, reserved 1048576K
}
Event: 3209.479 GC heap before
{Heap before GC invocations=3750 (full 49):
 PSYoungGen      total 7680K, used 7424K [0x00000000eab00000, 0x00000000eb480000, 0x0000000100000000)
  eden space 6656K, 100% used [0x00000000eab00000,0x00000000eb180000,0x00000000eb180000)
  from space 1024K, 75% used [0x00000000eb380000,0x00000000eb440000,0x00000000eb480000)
  to   space 1024K, 0% used [0x00000000eb280000,0x00000000eb280000,0x00000000eb380000)
 ParOldGen       total 284672K, used 237345K [0x00000000c0000000, 0x00000000d1600000, 0x00000000eab00000)
  object space 284672K, 83% used [0x00000000c0000000,0x00000000ce7c8488,0x00000000d1600000)
 Metaspace       used 72617K, capacity 75708K, committed 75864K, reserved 1118208K
  class space    used 6874K, capacity 8004K, committed 8064K, reserved 1048576K
}
Event: 3209.486 GC heap after
{Heap after GC invocations=3750 (full 49):
 PSYoungGen      total 7680K, used 640K [0x00000000eab00000, 0x00000000eb400000, 0x0000000100000000)
  eden space 6656K, 0% used [0x00000000eab00000,0x00000000eab00000,0x00000000eb180000)
  from space 1024K, 62% used [0x00000000eb280000,0x00000000eb320000,0x00000000eb380000)
  to   space 512K, 0% used [0x00000000eb380000,0x00000000eb380000,0x00000000eb400000)
 ParOldGen       total 284672K, used 237345K [0x00000000c0000000, 0x00000000d1600000, 0x00000000eab00000)
  object space 284672K, 83% used [0x00000000c0000000,0x00000000ce7c8488,0x00000000d1600000)
 Metaspace       used 72617K, capacity 75708K, committed 75864K, reserved 1118208K
  class space    used 6874K, capacity 8004K, committed 8064K, reserved 1048576K
}

